[0m11:19:09.453575 [debug] [MainThread]: Sending event: {'category': 'dbt', 'action': 'invocation', 'label': 'start', 'context': [<snowplow_tracker.self_describing_json.SelfDescribingJson object at 0x000001FA0A619B10>, <snowplow_tracker.self_describing_json.SelfDescribingJson object at 0x000001FA0CD5BF70>, <snowplow_tracker.self_describing_json.SelfDescribingJson object at 0x000001FA0CD5BD30>]}


============================== 11:19:09.458541 | 7d502594-4255-4d7b-a4bb-6eb8f1915b6e ==============================
[0m11:19:09.458541 [info ] [MainThread]: Running with dbt=1.5.0
[0m11:19:09.459593 [debug] [MainThread]: running dbt with arguments {'printer_width': '80', 'indirect_selection': 'eager', 'write_json': 'True', 'log_cache_events': 'False', 'partial_parse': 'True', 'cache_selected_only': 'False', 'profiles_dir': 'C:\\Users\\NadaDabach\\.dbt', 'version_check': 'True', 'fail_fast': 'False', 'log_path': 'logs', 'warn_error': 'None', 'debug': 'False', 'use_colors': 'True', 'use_experimental_parser': 'False', 'no_print': 'None', 'quiet': 'False', 'warn_error_options': 'WarnErrorOptions(include=[], exclude=[])', 'static_parser': 'True', 'log_format': 'default', 'introspect': 'True', 'target_path': 'None', 'send_anonymous_usage_stats': 'True'}
[0m11:19:09.463614 [info ] [MainThread]: dbt version: 1.5.0
[0m11:19:09.464530 [info ] [MainThread]: python version: 3.10.11
[0m11:19:09.465561 [info ] [MainThread]: python path: C:\Users\NadaDabach\anaconda3\envs\dbt-snowflake\python.exe
[0m11:19:09.466527 [info ] [MainThread]: os info: Windows-10-10.0.19045-SP0
[0m11:19:09.467568 [info ] [MainThread]: Using profiles.yml file at C:\Users\NadaDabach\.dbt\profiles.yml
[0m11:19:09.468620 [info ] [MainThread]: Using dbt_project.yml file at C:\Users\NadaDabach\Documents\TaxiNYC\dbt_project.yml
[0m11:19:09.469646 [info ] [MainThread]: Configuration:
[0m11:19:09.830429 [info ] [MainThread]:   profiles.yml file [[32mOK found and valid[0m]
[0m11:19:09.831426 [info ] [MainThread]:   dbt_project.yml file [[31mERROR not found[0m]
[0m11:19:09.832426 [info ] [MainThread]: Required dependencies:
[0m11:19:09.833521 [debug] [MainThread]: Executing "git --help"
[0m11:19:09.904666 [debug] [MainThread]: STDOUT: "b"usage: git [-v | --version] [-h | --help] [-C <path>] [-c <name>=<value>]\n           [--exec-path[=<path>]] [--html-path] [--man-path] [--info-path]\n           [-p | --paginate | -P | --no-pager] [--no-replace-objects] [--bare]\n           [--git-dir=<path>] [--work-tree=<path>] [--namespace=<name>]\n           [--config-env=<name>=<envvar>] <command> [<args>]\n\nThese are common Git commands used in various situations:\n\nstart a working area (see also: git help tutorial)\n   clone     Clone a repository into a new directory\n   init      Create an empty Git repository or reinitialize an existing one\n\nwork on the current change (see also: git help everyday)\n   add       Add file contents to the index\n   mv        Move or rename a file, a directory, or a symlink\n   restore   Restore working tree files\n   rm        Remove files from the working tree and from the index\n\nexamine the history and state (see also: git help revisions)\n   bisect    Use binary search to find the commit that introduced a bug\n   diff      Show changes between commits, commit and working tree, etc\n   grep      Print lines matching a pattern\n   log       Show commit logs\n   show      Show various types of objects\n   status    Show the working tree status\n\ngrow, mark and tweak your common history\n   branch    List, create, or delete branches\n   commit    Record changes to the repository\n   merge     Join two or more development histories together\n   rebase    Reapply commits on top of another base tip\n   reset     Reset current HEAD to the specified state\n   switch    Switch branches\n   tag       Create, list, delete or verify a tag object signed with GPG\n\ncollaborate (see also: git help workflows)\n   fetch     Download objects and refs from another repository\n   pull      Fetch from and integrate with another repository or a local branch\n   push      Update remote refs along with associated objects\n\n'git help -a' and 'git help -g' list available subcommands and some\nconcept guides. See 'git help <command>' or 'git help <concept>'\nto read about a specific subcommand or concept.\nSee 'git help git' for an overview of the system.\n""
[0m11:19:09.905737 [debug] [MainThread]: STDERR: "b''"
[0m11:19:09.906745 [info ] [MainThread]:  - git [[32mOK found[0m]

[0m11:19:09.907734 [info ] [MainThread]: Connection:
[0m11:19:09.908755 [info ] [MainThread]:   account: KBZJQKG-XT65388
[0m11:19:09.909814 [info ] [MainThread]:   user: nada
[0m11:19:09.910819 [info ] [MainThread]:   database: test
[0m11:19:09.911810 [info ] [MainThread]:   schema: test_schema
[0m11:19:09.912794 [info ] [MainThread]:   warehouse: None
[0m11:19:09.913771 [info ] [MainThread]:   role: accountadmin
[0m11:19:09.914741 [info ] [MainThread]:   client_session_keep_alive: False
[0m11:19:09.915738 [info ] [MainThread]:   query_tag: None
[0m11:19:09.916777 [debug] [MainThread]: Acquiring new snowflake connection 'debug'
[0m11:19:09.917733 [debug] [MainThread]: Using snowflake connection "debug"
[0m11:19:09.918748 [debug] [MainThread]: On debug: select 1 as id
[0m11:19:09.918748 [debug] [MainThread]: Opening a new connection, currently in state init
[0m11:19:11.383957 [debug] [MainThread]: SQL status: SUCCESS 1 in 1.0 seconds
[0m11:19:11.385091 [debug] [MainThread]: On debug: Close
[0m11:19:11.638502 [info ] [MainThread]:   Connection test: [[32mOK connection ok[0m]

[0m11:19:11.640502 [info ] [MainThread]: [31m1 check failed:[0m
[0m11:19:11.641548 [info ] [MainThread]: Could not load dbt_project.yml

[0m11:19:11.642503 [debug] [MainThread]: Command `dbt debug` failed at 11:19:11.642503 after 2.22 seconds
[0m11:19:11.643503 [debug] [MainThread]: Connection 'debug' was properly closed.
[0m11:19:11.644503 [debug] [MainThread]: Sending event: {'category': 'dbt', 'action': 'invocation', 'label': 'end', 'context': [<snowplow_tracker.self_describing_json.SelfDescribingJson object at 0x000001FA0A619B10>, <snowplow_tracker.self_describing_json.SelfDescribingJson object at 0x000001FA0D4C1A80>, <snowplow_tracker.self_describing_json.SelfDescribingJson object at 0x000001FA0DD8F340>]}
[0m11:19:11.645503 [debug] [MainThread]: Flushing usage events
[0m11:21:33.468889 [debug] [MainThread]: Sending event: {'category': 'dbt', 'action': 'invocation', 'label': 'start', 'context': [<snowplow_tracker.self_describing_json.SelfDescribingJson object at 0x0000013600F59AB0>, <snowplow_tracker.self_describing_json.SelfDescribingJson object at 0x000001360364BF10>, <snowplow_tracker.self_describing_json.SelfDescribingJson object at 0x000001360364BCD0>]}


============================== 11:21:33.472977 | eed820ae-31ea-4cae-8cd0-973f87e1b2e2 ==============================
[0m11:21:33.472977 [info ] [MainThread]: Running with dbt=1.5.0
[0m11:21:33.474928 [debug] [MainThread]: running dbt with arguments {'printer_width': '80', 'indirect_selection': 'eager', 'log_cache_events': 'False', 'write_json': 'True', 'partial_parse': 'True', 'cache_selected_only': 'False', 'profiles_dir': 'C:\\Users\\NadaDabach\\.dbt', 'fail_fast': 'False', 'version_check': 'True', 'log_path': 'logs', 'debug': 'False', 'warn_error': 'None', 'use_colors': 'True', 'use_experimental_parser': 'False', 'no_print': 'None', 'quiet': 'False', 'warn_error_options': 'WarnErrorOptions(include=[], exclude=[])', 'introspect': 'True', 'static_parser': 'True', 'log_format': 'default', 'target_path': 'None', 'send_anonymous_usage_stats': 'True'}
[0m11:22:09.094943 [debug] [MainThread]: Starter project path: C:\Users\NadaDabach\anaconda3\envs\dbt-snowflake\lib\site-packages\dbt\include\starter_project
[0m11:30:34.269544 [info ] [MainThread]: Profile taxi_nyc written to C:\Users\NadaDabach\.dbt\profiles.yml using target's profile_template.yml and your supplied values. Run 'dbt debug' to validate the connection.
[0m11:30:34.271545 [info ] [MainThread]: 
Your new dbt project "taxi_nyc" was created!

For more information on how to configure the profiles.yml file,
please consult the dbt documentation here:

  https://docs.getdbt.com/docs/configure-your-profile

One more thing:

Need help? Don't hesitate to reach out to us via GitHub issues or on Slack:

  https://community.getdbt.com/

Happy modeling!

[0m11:30:34.273547 [debug] [MainThread]: Command `dbt init` succeeded at 11:30:34.273547 after 540.83 seconds
[0m11:30:34.274568 [debug] [MainThread]: Sending event: {'category': 'dbt', 'action': 'invocation', 'label': 'end', 'context': [<snowplow_tracker.self_describing_json.SelfDescribingJson object at 0x0000013600F59AB0>, <snowplow_tracker.self_describing_json.SelfDescribingJson object at 0x00000136036A4E20>, <snowplow_tracker.self_describing_json.SelfDescribingJson object at 0x00000136036A4CA0>]}
[0m11:30:34.274568 [debug] [MainThread]: Flushing usage events
[0m11:30:53.707003 [debug] [MainThread]: Sending event: {'category': 'dbt', 'action': 'invocation', 'label': 'start', 'context': [<snowplow_tracker.self_describing_json.SelfDescribingJson object at 0x00000175462D9AB0>, <snowplow_tracker.self_describing_json.SelfDescribingJson object at 0x0000017548A1BEE0>, <snowplow_tracker.self_describing_json.SelfDescribingJson object at 0x0000017548A1BD30>]}


============================== 11:30:53.711997 | 476f7b1c-1609-4a98-8fdb-d45ee6798114 ==============================
[0m11:30:53.711997 [info ] [MainThread]: Running with dbt=1.5.0
[0m11:30:53.712994 [debug] [MainThread]: running dbt with arguments {'printer_width': '80', 'indirect_selection': 'eager', 'write_json': 'True', 'log_cache_events': 'False', 'partial_parse': 'True', 'cache_selected_only': 'False', 'warn_error': 'None', 'version_check': 'True', 'debug': 'False', 'log_path': 'logs', 'profiles_dir': 'C:\\Users\\NadaDabach\\.dbt', 'fail_fast': 'False', 'use_colors': 'True', 'use_experimental_parser': 'False', 'no_print': 'None', 'quiet': 'False', 'warn_error_options': 'WarnErrorOptions(include=[], exclude=[])', 'static_parser': 'True', 'introspect': 'True', 'log_format': 'default', 'target_path': 'None', 'send_anonymous_usage_stats': 'True'}
[0m11:30:53.713995 [info ] [MainThread]: dbt version: 1.5.0
[0m11:30:53.714996 [info ] [MainThread]: python version: 3.10.11
[0m11:30:53.715994 [info ] [MainThread]: python path: C:\Users\NadaDabach\anaconda3\envs\dbt-snowflake\python.exe
[0m11:30:53.716240 [info ] [MainThread]: os info: Windows-10-10.0.19045-SP0
[0m11:30:53.717304 [info ] [MainThread]: Using profiles.yml file at C:\Users\NadaDabach\.dbt\profiles.yml
[0m11:30:53.718305 [info ] [MainThread]: Using dbt_project.yml file at C:\Users\NadaDabach\Documents\TaxiNYC\dbt_project.yml
[0m11:30:53.719321 [info ] [MainThread]: Configuration:
[0m11:30:54.106463 [info ] [MainThread]:   profiles.yml file [[32mOK found and valid[0m]
[0m11:30:54.107463 [info ] [MainThread]:   dbt_project.yml file [[31mERROR not found[0m]
[0m11:30:54.108519 [info ] [MainThread]: Required dependencies:
[0m11:30:54.109505 [debug] [MainThread]: Executing "git --help"
[0m11:30:54.185965 [debug] [MainThread]: STDOUT: "b"usage: git [-v | --version] [-h | --help] [-C <path>] [-c <name>=<value>]\n           [--exec-path[=<path>]] [--html-path] [--man-path] [--info-path]\n           [-p | --paginate | -P | --no-pager] [--no-replace-objects] [--bare]\n           [--git-dir=<path>] [--work-tree=<path>] [--namespace=<name>]\n           [--config-env=<name>=<envvar>] <command> [<args>]\n\nThese are common Git commands used in various situations:\n\nstart a working area (see also: git help tutorial)\n   clone     Clone a repository into a new directory\n   init      Create an empty Git repository or reinitialize an existing one\n\nwork on the current change (see also: git help everyday)\n   add       Add file contents to the index\n   mv        Move or rename a file, a directory, or a symlink\n   restore   Restore working tree files\n   rm        Remove files from the working tree and from the index\n\nexamine the history and state (see also: git help revisions)\n   bisect    Use binary search to find the commit that introduced a bug\n   diff      Show changes between commits, commit and working tree, etc\n   grep      Print lines matching a pattern\n   log       Show commit logs\n   show      Show various types of objects\n   status    Show the working tree status\n\ngrow, mark and tweak your common history\n   branch    List, create, or delete branches\n   commit    Record changes to the repository\n   merge     Join two or more development histories together\n   rebase    Reapply commits on top of another base tip\n   reset     Reset current HEAD to the specified state\n   switch    Switch branches\n   tag       Create, list, delete or verify a tag object signed with GPG\n\ncollaborate (see also: git help workflows)\n   fetch     Download objects and refs from another repository\n   pull      Fetch from and integrate with another repository or a local branch\n   push      Update remote refs along with associated objects\n\n'git help -a' and 'git help -g' list available subcommands and some\nconcept guides. See 'git help <command>' or 'git help <concept>'\nto read about a specific subcommand or concept.\nSee 'git help git' for an overview of the system.\n""
[0m11:30:54.186465 [debug] [MainThread]: STDERR: "b''"
[0m11:30:54.187493 [info ] [MainThread]:  - git [[32mOK found[0m]

[0m11:30:54.188510 [info ] [MainThread]: [31m1 check failed:[0m
[0m11:30:54.189493 [info ] [MainThread]: Could not load dbt_project.yml

[0m11:30:54.190477 [debug] [MainThread]: Command `dbt debug` failed at 11:30:54.190477 after 0.52 seconds
[0m11:30:54.191495 [debug] [MainThread]: Sending event: {'category': 'dbt', 'action': 'invocation', 'label': 'end', 'context': [<snowplow_tracker.self_describing_json.SelfDescribingJson object at 0x00000175462D9AB0>, <snowplow_tracker.self_describing_json.SelfDescribingJson object at 0x0000017548A1BE20>, <snowplow_tracker.self_describing_json.SelfDescribingJson object at 0x00000175496CDCF0>]}
[0m11:30:54.192492 [debug] [MainThread]: Flushing usage events
[0m10:41:56.988189 [debug] [MainThread]: Sending event: {'category': 'dbt', 'action': 'invocation', 'label': 'start', 'context': [<snowplow_tracker.self_describing_json.SelfDescribingJson object at 0x000002095E909AB0>, <snowplow_tracker.self_describing_json.SelfDescribingJson object at 0x000002096104FEB0>, <snowplow_tracker.self_describing_json.SelfDescribingJson object at 0x000002096104FE80>]}


============================== 10:41:56.999187 | 16a829e7-d218-41da-a835-de5d67f9a4b1 ==============================
[0m10:41:56.999187 [info ] [MainThread]: Running with dbt=1.5.0
[0m10:41:57.001270 [debug] [MainThread]: running dbt with arguments {'printer_width': '80', 'indirect_selection': 'eager', 'write_json': 'True', 'log_cache_events': 'False', 'partial_parse': 'True', 'cache_selected_only': 'False', 'profiles_dir': 'C:\\Users\\NadaDabach\\.dbt', 'fail_fast': 'False', 'version_check': 'True', 'log_path': 'logs', 'debug': 'False', 'warn_error': 'None', 'use_colors': 'True', 'use_experimental_parser': 'False', 'no_print': 'None', 'quiet': 'False', 'log_format': 'default', 'introspect': 'True', 'static_parser': 'True', 'warn_error_options': 'WarnErrorOptions(include=[], exclude=[])', 'target_path': 'None', 'send_anonymous_usage_stats': 'True'}
[0m10:41:57.003190 [info ] [MainThread]: dbt version: 1.5.0
[0m10:41:57.005189 [info ] [MainThread]: python version: 3.10.11
[0m10:41:57.006190 [info ] [MainThread]: python path: C:\Users\NadaDabach\anaconda3\envs\dbt-snowflake\python.exe
[0m10:41:57.008189 [info ] [MainThread]: os info: Windows-10-10.0.19045-SP0
[0m10:41:57.010190 [info ] [MainThread]: Using profiles.yml file at C:\Users\NadaDabach\.dbt\profiles.yml
[0m10:41:57.011189 [info ] [MainThread]: Using dbt_project.yml file at C:\Users\NadaDabach\Documents\TaxiNYC\dbt_project.yml
[0m10:41:57.013218 [info ] [MainThread]: Configuration:
[0m10:41:57.918080 [info ] [MainThread]:   profiles.yml file [[32mOK found and valid[0m]
[0m10:41:57.920070 [info ] [MainThread]:   dbt_project.yml file [[31mERROR not found[0m]
[0m10:41:57.922067 [info ] [MainThread]: Required dependencies:
[0m10:41:57.923065 [debug] [MainThread]: Executing "git --help"
[0m10:41:58.050124 [debug] [MainThread]: STDOUT: "b"usage: git [-v | --version] [-h | --help] [-C <path>] [-c <name>=<value>]\n           [--exec-path[=<path>]] [--html-path] [--man-path] [--info-path]\n           [-p | --paginate | -P | --no-pager] [--no-replace-objects] [--bare]\n           [--git-dir=<path>] [--work-tree=<path>] [--namespace=<name>]\n           [--config-env=<name>=<envvar>] <command> [<args>]\n\nThese are common Git commands used in various situations:\n\nstart a working area (see also: git help tutorial)\n   clone     Clone a repository into a new directory\n   init      Create an empty Git repository or reinitialize an existing one\n\nwork on the current change (see also: git help everyday)\n   add       Add file contents to the index\n   mv        Move or rename a file, a directory, or a symlink\n   restore   Restore working tree files\n   rm        Remove files from the working tree and from the index\n\nexamine the history and state (see also: git help revisions)\n   bisect    Use binary search to find the commit that introduced a bug\n   diff      Show changes between commits, commit and working tree, etc\n   grep      Print lines matching a pattern\n   log       Show commit logs\n   show      Show various types of objects\n   status    Show the working tree status\n\ngrow, mark and tweak your common history\n   branch    List, create, or delete branches\n   commit    Record changes to the repository\n   merge     Join two or more development histories together\n   rebase    Reapply commits on top of another base tip\n   reset     Reset current HEAD to the specified state\n   switch    Switch branches\n   tag       Create, list, delete or verify a tag object signed with GPG\n\ncollaborate (see also: git help workflows)\n   fetch     Download objects and refs from another repository\n   pull      Fetch from and integrate with another repository or a local branch\n   push      Update remote refs along with associated objects\n\n'git help -a' and 'git help -g' list available subcommands and some\nconcept guides. See 'git help <command>' or 'git help <concept>'\nto read about a specific subcommand or concept.\nSee 'git help git' for an overview of the system.\n""
[0m10:41:58.051175 [debug] [MainThread]: STDERR: "b''"
[0m10:41:58.052175 [info ] [MainThread]:  - git [[32mOK found[0m]

[0m10:41:58.054142 [info ] [MainThread]: Connection:
[0m10:41:58.055174 [info ] [MainThread]:   account: KBZJQKG-XT65388
[0m10:41:58.057101 [info ] [MainThread]:   user: nada
[0m10:41:58.058166 [info ] [MainThread]:   database: test
[0m10:41:58.060100 [info ] [MainThread]:   schema: schema_test
[0m10:41:58.063148 [info ] [MainThread]:   warehouse: warehouse_test
[0m10:41:58.065101 [info ] [MainThread]:   role: accountadmin
[0m10:41:58.067149 [info ] [MainThread]:   client_session_keep_alive: False
[0m10:41:58.068099 [info ] [MainThread]:   query_tag: None
[0m10:41:58.070098 [debug] [MainThread]: Acquiring new snowflake connection 'debug'
[0m10:41:58.072098 [debug] [MainThread]: Using snowflake connection "debug"
[0m10:41:58.073128 [debug] [MainThread]: On debug: select 1 as id
[0m10:41:58.074097 [debug] [MainThread]: Opening a new connection, currently in state init
[0m10:42:00.636380 [debug] [MainThread]: Snowflake adapter: Error running SQL: select 1 as id
[0m10:42:00.637317 [debug] [MainThread]: Snowflake adapter: Rolling back transaction.
[0m10:42:00.638305 [debug] [MainThread]: On debug: No close available on handle
[0m10:42:00.638305 [info ] [MainThread]:   Connection test: [[31mERROR[0m]

[0m10:42:00.640305 [info ] [MainThread]: [31m2 checks failed:[0m
[0m10:42:00.641304 [info ] [MainThread]: Could not load dbt_project.yml

[0m10:42:00.642302 [info ] [MainThread]: dbt was unable to connect to the specified database.
The database returned the following error:

  >Database Error
  250001: Could not connect to Snowflake backend after 0 attempt(s).Aborting

Check your database credentials and try again. For more information, visit:
https://docs.getdbt.com/docs/configure-your-profile


[0m10:42:00.643304 [debug] [MainThread]: Command `dbt debug` failed at 10:42:00.643304 after 3.71 seconds
[0m10:42:00.644303 [debug] [MainThread]: Connection 'debug' was properly closed.
[0m10:42:00.645306 [debug] [MainThread]: Sending event: {'category': 'dbt', 'action': 'invocation', 'label': 'end', 'context': [<snowplow_tracker.self_describing_json.SelfDescribingJson object at 0x000002095E909AB0>, <snowplow_tracker.self_describing_json.SelfDescribingJson object at 0x0000020961CF53F0>, <snowplow_tracker.self_describing_json.SelfDescribingJson object at 0x0000020961CF61D0>]}
[0m10:42:00.646304 [debug] [MainThread]: Flushing usage events
[0m10:42:00.973447 [debug] [MainThread]: Error sending anonymous usage statistics. Disabling tracking for this execution. If you wish to permanently disable tracking, see: https://docs.getdbt.com/reference/global-configs#send-anonymous-usage-stats.
[0m14:26:48.469453 [debug] [MainThread]: Sending event: {'category': 'dbt', 'action': 'invocation', 'label': 'start', 'context': [<snowplow_tracker.self_describing_json.SelfDescribingJson object at 0x000001677EAF9AB0>, <snowplow_tracker.self_describing_json.SelfDescribingJson object at 0x00000167012FBEB0>, <snowplow_tracker.self_describing_json.SelfDescribingJson object at 0x00000167012FBE80>]}


============================== 14:26:48.481454 | f341b575-5cf0-46fa-a62c-ce5a5d9e7e11 ==============================
[0m14:26:48.481454 [info ] [MainThread]: Running with dbt=1.5.0
[0m14:26:48.484468 [debug] [MainThread]: running dbt with arguments {'printer_width': '80', 'indirect_selection': 'eager', 'log_cache_events': 'False', 'write_json': 'True', 'partial_parse': 'True', 'cache_selected_only': 'False', 'warn_error': 'None', 'version_check': 'True', 'fail_fast': 'False', 'log_path': 'logs', 'profiles_dir': 'C:\\Users\\NadaDabach\\.dbt', 'debug': 'False', 'use_colors': 'True', 'use_experimental_parser': 'False', 'no_print': 'None', 'quiet': 'False', 'warn_error_options': 'WarnErrorOptions(include=[], exclude=[])', 'introspect': 'True', 'log_format': 'default', 'static_parser': 'True', 'target_path': 'None', 'send_anonymous_usage_stats': 'True'}
[0m14:26:48.487467 [info ] [MainThread]: dbt version: 1.5.0
[0m14:26:48.489470 [info ] [MainThread]: python version: 3.10.11
[0m14:26:48.491453 [info ] [MainThread]: python path: C:\Users\NadaDabach\anaconda3\envs\dbt-snowflake\python.exe
[0m14:26:48.493451 [info ] [MainThread]: os info: Windows-10-10.0.19045-SP0
[0m14:26:48.496453 [info ] [MainThread]: Using profiles.yml file at C:\Users\NadaDabach\.dbt\profiles.yml
[0m14:26:48.498452 [info ] [MainThread]: Using dbt_project.yml file at C:\Users\NadaDabach\Documents\TaxiNYC\dbt_project.yml
[0m14:26:48.501453 [info ] [MainThread]: Configuration:
[0m14:26:49.389371 [info ] [MainThread]:   profiles.yml file [[32mOK found and valid[0m]
[0m14:26:49.392365 [info ] [MainThread]:   dbt_project.yml file [[31mERROR not found[0m]
[0m14:26:49.394427 [info ] [MainThread]: Required dependencies:
[0m14:26:49.396442 [debug] [MainThread]: Executing "git --help"
[0m14:26:49.560646 [debug] [MainThread]: STDOUT: "b"usage: git [-v | --version] [-h | --help] [-C <path>] [-c <name>=<value>]\n           [--exec-path[=<path>]] [--html-path] [--man-path] [--info-path]\n           [-p | --paginate | -P | --no-pager] [--no-replace-objects] [--bare]\n           [--git-dir=<path>] [--work-tree=<path>] [--namespace=<name>]\n           [--config-env=<name>=<envvar>] <command> [<args>]\n\nThese are common Git commands used in various situations:\n\nstart a working area (see also: git help tutorial)\n   clone     Clone a repository into a new directory\n   init      Create an empty Git repository or reinitialize an existing one\n\nwork on the current change (see also: git help everyday)\n   add       Add file contents to the index\n   mv        Move or rename a file, a directory, or a symlink\n   restore   Restore working tree files\n   rm        Remove files from the working tree and from the index\n\nexamine the history and state (see also: git help revisions)\n   bisect    Use binary search to find the commit that introduced a bug\n   diff      Show changes between commits, commit and working tree, etc\n   grep      Print lines matching a pattern\n   log       Show commit logs\n   show      Show various types of objects\n   status    Show the working tree status\n\ngrow, mark and tweak your common history\n   branch    List, create, or delete branches\n   commit    Record changes to the repository\n   merge     Join two or more development histories together\n   rebase    Reapply commits on top of another base tip\n   reset     Reset current HEAD to the specified state\n   switch    Switch branches\n   tag       Create, list, delete or verify a tag object signed with GPG\n\ncollaborate (see also: git help workflows)\n   fetch     Download objects and refs from another repository\n   pull      Fetch from and integrate with another repository or a local branch\n   push      Update remote refs along with associated objects\n\n'git help -a' and 'git help -g' list available subcommands and some\nconcept guides. See 'git help <command>' or 'git help <concept>'\nto read about a specific subcommand or concept.\nSee 'git help git' for an overview of the system.\n""
[0m14:26:49.562648 [debug] [MainThread]: STDERR: "b''"
[0m14:26:49.564649 [info ] [MainThread]:  - git [[32mOK found[0m]

[0m14:26:49.567712 [info ] [MainThread]: Connection:
[0m14:26:49.569636 [info ] [MainThread]:   account: KBZJQKG-XT65388
[0m14:26:49.571638 [info ] [MainThread]:   user: nada
[0m14:26:49.573633 [info ] [MainThread]:   database: test
[0m14:26:49.575637 [info ] [MainThread]:   schema: schema_test
[0m14:26:49.577637 [info ] [MainThread]:   warehouse: warehouse_test
[0m14:26:49.578635 [info ] [MainThread]:   role: accountadmin
[0m14:26:49.580636 [info ] [MainThread]:   client_session_keep_alive: False
[0m14:26:49.582637 [info ] [MainThread]:   query_tag: None
[0m14:26:49.584637 [debug] [MainThread]: Acquiring new snowflake connection 'debug'
[0m14:26:49.586635 [debug] [MainThread]: Using snowflake connection "debug"
[0m14:26:49.587637 [debug] [MainThread]: On debug: select 1 as id
[0m14:26:49.588633 [debug] [MainThread]: Opening a new connection, currently in state init
[0m14:26:51.561704 [debug] [MainThread]: SQL status: SUCCESS 1 in 2.0 seconds
[0m14:26:51.563666 [debug] [MainThread]: On debug: Close
[0m14:26:51.707808 [info ] [MainThread]:   Connection test: [[32mOK connection ok[0m]

[0m14:26:51.710804 [info ] [MainThread]: [31m1 check failed:[0m
[0m14:26:51.711805 [info ] [MainThread]: Could not load dbt_project.yml

[0m14:26:51.713804 [debug] [MainThread]: Command `dbt debug` failed at 14:26:51.713804 after 3.33 seconds
[0m14:26:51.714804 [debug] [MainThread]: Connection 'debug' was properly closed.
[0m14:26:51.715807 [debug] [MainThread]: Sending event: {'category': 'dbt', 'action': 'invocation', 'label': 'end', 'context': [<snowplow_tracker.self_describing_json.SelfDescribingJson object at 0x000001677EAF9AB0>, <snowplow_tracker.self_describing_json.SelfDescribingJson object at 0x00000167022A91B0>, <snowplow_tracker.self_describing_json.SelfDescribingJson object at 0x00000167022A99C0>]}
[0m14:26:51.716806 [debug] [MainThread]: Flushing usage events
[0m23:18:12.409306 [debug] [MainThread]: Sending event: {'category': 'dbt', 'action': 'invocation', 'label': 'start', 'context': [<snowplow_tracker.self_describing_json.SelfDescribingJson object at 0x000001D4BE959AB0>, <snowplow_tracker.self_describing_json.SelfDescribingJson object at 0x000001D4C109FE50>, <snowplow_tracker.self_describing_json.SelfDescribingJson object at 0x000001D4C109FEB0>]}


============================== 23:18:12.414263 | 558f9cd9-cbc4-441c-9f88-a1050a5f7bc4 ==============================
[0m23:18:12.414263 [info ] [MainThread]: Running with dbt=1.5.0
[0m23:18:12.416263 [debug] [MainThread]: running dbt with arguments {'printer_width': '80', 'indirect_selection': 'eager', 'log_cache_events': 'False', 'write_json': 'True', 'partial_parse': 'True', 'cache_selected_only': 'False', 'warn_error': 'None', 'debug': 'False', 'profiles_dir': 'C:\\Users\\NadaDabach\\.dbt', 'log_path': 'logs', 'fail_fast': 'False', 'version_check': 'True', 'use_colors': 'True', 'use_experimental_parser': 'False', 'no_print': 'None', 'quiet': 'False', 'warn_error_options': 'WarnErrorOptions(include=[], exclude=[])', 'static_parser': 'True', 'log_format': 'default', 'introspect': 'True', 'target_path': 'None', 'send_anonymous_usage_stats': 'True'}
[0m23:20:58.988662 [debug] [MainThread]: Starter project path: C:\Users\NadaDabach\anaconda3\envs\dbt-snowflake\lib\site-packages\dbt\include\starter_project
[0m23:22:47.573924 [error] [MainThread]: Encountered an error:

[0m23:22:47.595624 [error] [MainThread]: Traceback (most recent call last):
  File "C:\Users\NadaDabach\anaconda3\envs\dbt-snowflake\lib\site-packages\dbt\cli\requires.py", line 86, in wrapper
    result, success = func(*args, **kwargs)
  File "C:\Users\NadaDabach\anaconda3\envs\dbt-snowflake\lib\site-packages\dbt\cli\requires.py", line 71, in wrapper
    return func(*args, **kwargs)
  File "C:\Users\NadaDabach\anaconda3\envs\dbt-snowflake\lib\site-packages\dbt\cli\main.py", line 459, in init
    results = task.run()
  File "C:\Users\NadaDabach\anaconda3\envs\dbt-snowflake\lib\site-packages\dbt\task\init.py", line 305, in run
    self.create_profile_from_target(adapter, profile_name=project_name)
  File "C:\Users\NadaDabach\anaconda3\envs\dbt-snowflake\lib\site-packages\dbt\task\init.py", line 180, in create_profile_from_target
    self.create_profile_from_profile_template(profile_template, profile_name)
  File "C:\Users\NadaDabach\anaconda3\envs\dbt-snowflake\lib\site-packages\dbt\task\init.py", line 164, in create_profile_from_profile_template
    target = self.generate_target_from_input(prompts, initial_target)
  File "C:\Users\NadaDabach\anaconda3\envs\dbt-snowflake\lib\site-packages\dbt\task\init.py", line 130, in generate_target_from_input
    target[key] = click.prompt(
  File "C:\Users\NadaDabach\anaconda3\envs\dbt-snowflake\lib\site-packages\click\termui.py", line 166, in prompt
    value = prompt_func(prompt)
  File "C:\Users\NadaDabach\anaconda3\envs\dbt-snowflake\lib\site-packages\click\termui.py", line 149, in prompt_func
    raise Abort() from None
click.exceptions.Abort

[0m23:22:47.601551 [debug] [MainThread]: Command `dbt init` failed at 23:22:47.601551 after 275.23 seconds
[0m23:22:47.603683 [debug] [MainThread]: Sending event: {'category': 'dbt', 'action': 'invocation', 'label': 'end', 'context': [<snowplow_tracker.self_describing_json.SelfDescribingJson object at 0x000001D4BE959AB0>, <snowplow_tracker.self_describing_json.SelfDescribingJson object at 0x000001D4C1D5C4F0>, <snowplow_tracker.self_describing_json.SelfDescribingJson object at 0x000001D4C1D5F4F0>]}
[0m23:22:47.606558 [debug] [MainThread]: Flushing usage events
[0m23:22:56.271353 [debug] [MainThread]: Sending event: {'category': 'dbt', 'action': 'invocation', 'label': 'start', 'context': [<snowplow_tracker.self_describing_json.SelfDescribingJson object at 0x0000022386949AE0>, <snowplow_tracker.self_describing_json.SelfDescribingJson object at 0x000002238908BF10>, <snowplow_tracker.self_describing_json.SelfDescribingJson object at 0x000002238908BEE0>]}


============================== 23:22:56.279425 | 9ee81ba8-8525-4994-aedb-658cc1f243b6 ==============================
[0m23:22:56.279425 [info ] [MainThread]: Running with dbt=1.5.0
[0m23:22:56.282331 [debug] [MainThread]: running dbt with arguments {'printer_width': '80', 'indirect_selection': 'eager', 'write_json': 'True', 'log_cache_events': 'False', 'partial_parse': 'True', 'cache_selected_only': 'False', 'warn_error': 'None', 'version_check': 'True', 'fail_fast': 'False', 'log_path': 'logs', 'debug': 'False', 'profiles_dir': 'C:\\Users\\NadaDabach\\.dbt', 'use_colors': 'True', 'use_experimental_parser': 'False', 'no_print': 'None', 'quiet': 'False', 'log_format': 'default', 'introspect': 'True', 'static_parser': 'True', 'warn_error_options': 'WarnErrorOptions(include=[], exclude=[])', 'target_path': 'None', 'send_anonymous_usage_stats': 'True'}
[0m23:23:37.030940 [debug] [MainThread]: Starter project path: C:\Users\NadaDabach\anaconda3\envs\dbt-snowflake\lib\site-packages\dbt\include\starter_project
[0m23:26:46.995068 [info ] [MainThread]: Profile taxi_nyc_data_marts written to C:\Users\NadaDabach\.dbt\profiles.yml using target's profile_template.yml and your supplied values. Run 'dbt debug' to validate the connection.
[0m23:26:46.998075 [info ] [MainThread]: 
Your new dbt project "taxi_nyc_data_marts" was created!

For more information on how to configure the profiles.yml file,
please consult the dbt documentation here:

  https://docs.getdbt.com/docs/configure-your-profile

One more thing:

Need help? Don't hesitate to reach out to us via GitHub issues or on Slack:

  https://community.getdbt.com/

Happy modeling!

[0m23:26:47.002731 [debug] [MainThread]: Command `dbt init` succeeded at 23:26:47.002731 after 230.77 seconds
[0m23:26:47.004730 [debug] [MainThread]: Sending event: {'category': 'dbt', 'action': 'invocation', 'label': 'end', 'context': [<snowplow_tracker.self_describing_json.SelfDescribingJson object at 0x0000022386949AE0>, <snowplow_tracker.self_describing_json.SelfDescribingJson object at 0x000002238908B580>, <snowplow_tracker.self_describing_json.SelfDescribingJson object at 0x000002238908B550>]}
[0m23:26:47.006814 [debug] [MainThread]: Flushing usage events
[0m13:18:25.094215 [debug] [MainThread]: Sending event: {'category': 'dbt', 'action': 'invocation', 'label': 'start', 'context': [<snowplow_tracker.self_describing_json.SelfDescribingJson object at 0x000001CAC9AF9AB0>, <snowplow_tracker.self_describing_json.SelfDescribingJson object at 0x000001CACC23FFA0>, <snowplow_tracker.self_describing_json.SelfDescribingJson object at 0x000001CACC23F520>]}


============================== 13:18:25.106219 | c9a62d30-1892-4116-9e75-30512059d25f ==============================
[0m13:18:25.106219 [info ] [MainThread]: Running with dbt=1.5.0
[0m13:18:25.108170 [debug] [MainThread]: running dbt with arguments {'printer_width': '80', 'indirect_selection': 'eager', 'log_cache_events': 'False', 'write_json': 'True', 'partial_parse': 'True', 'cache_selected_only': 'False', 'warn_error': 'None', 'debug': 'False', 'profiles_dir': 'C:\\Users\\NadaDabach\\.dbt', 'log_path': 'logs', 'version_check': 'True', 'fail_fast': 'False', 'use_colors': 'True', 'use_experimental_parser': 'False', 'no_print': 'None', 'quiet': 'False', 'log_format': 'default', 'static_parser': 'True', 'warn_error_options': 'WarnErrorOptions(include=[], exclude=[])', 'introspect': 'True', 'target_path': 'None', 'send_anonymous_usage_stats': 'True'}
[0m13:18:25.109179 [error] [MainThread]: Encountered an error:
Runtime Error
  No dbt_project.yml found at expected path C:\Users\NadaDabach\Documents\TaxiNYC\dbt_project.yml
  Verify that each entry within packages.yml (and their transitive dependencies) contains a file named dbt_project.yml
  
[0m13:18:25.111137 [debug] [MainThread]: Command `dbt docs generate` failed at 13:18:25.111137 after 0.08 seconds
[0m13:18:25.112142 [debug] [MainThread]: Sending event: {'category': 'dbt', 'action': 'invocation', 'label': 'end', 'context': [<snowplow_tracker.self_describing_json.SelfDescribingJson object at 0x000001CAC9AF9AB0>, <snowplow_tracker.self_describing_json.SelfDescribingJson object at 0x000001CACC23F550>, <snowplow_tracker.self_describing_json.SelfDescribingJson object at 0x000001CACC298280>]}
[0m13:18:25.113213 [debug] [MainThread]: Flushing usage events
[0m15:02:09.501594 [debug] [MainThread]: Sending event: {'category': 'dbt', 'action': 'invocation', 'label': 'start', 'context': [<snowplow_tracker.self_describing_json.SelfDescribingJson object at 0x000002403A7996C0>, <snowplow_tracker.self_describing_json.SelfDescribingJson object at 0x000002403CEFFF40>, <snowplow_tracker.self_describing_json.SelfDescribingJson object at 0x000002403CEFFD90>]}


============================== 15:02:09.513613 | b83ccb48-4557-44fc-92ec-0953d1b79e50 ==============================
[0m15:02:09.513613 [info ] [MainThread]: Running with dbt=1.5.0
[0m15:02:09.516589 [debug] [MainThread]: running dbt with arguments {'printer_width': '80', 'indirect_selection': 'eager', 'write_json': 'True', 'log_cache_events': 'False', 'partial_parse': 'True', 'cache_selected_only': 'False', 'warn_error': 'None', 'fail_fast': 'False', 'version_check': 'True', 'log_path': 'logs', 'debug': 'False', 'profiles_dir': 'C:\\Users\\NadaDabach\\.dbt', 'use_colors': 'True', 'use_experimental_parser': 'False', 'no_print': 'None', 'quiet': 'False', 'log_format': 'default', 'introspect': 'True', 'static_parser': 'True', 'warn_error_options': 'WarnErrorOptions(include=[], exclude=[])', 'target_path': 'None', 'send_anonymous_usage_stats': 'True'}
[0m15:02:09.518573 [info ] [MainThread]: dbt version: 1.5.0
[0m15:02:09.520589 [info ] [MainThread]: python version: 3.10.11
[0m15:02:09.521575 [info ] [MainThread]: python path: C:\Users\NadaDabach\anaconda3\envs\dbt-snowflake\python.exe
[0m15:02:09.523574 [info ] [MainThread]: os info: Windows-10-10.0.19045-SP0
[0m15:02:09.524586 [info ] [MainThread]: Using profiles.yml file at C:\Users\NadaDabach\.dbt\profiles.yml
[0m15:02:09.525573 [info ] [MainThread]: Using dbt_project.yml file at C:\Users\NadaDabach\Documents\TaxiNYC\dbt_project.yml
[0m15:02:09.527578 [info ] [MainThread]: Configuration:
[0m15:02:10.744768 [info ] [MainThread]:   profiles.yml file [[32mOK found and valid[0m]
[0m15:02:10.747766 [info ] [MainThread]:   dbt_project.yml file [[31mERROR not found[0m]
[0m15:02:10.749773 [info ] [MainThread]: Required dependencies:
[0m15:02:10.751762 [debug] [MainThread]: Executing "git --help"
[0m15:02:10.914688 [debug] [MainThread]: STDOUT: "b"usage: git [-v | --version] [-h | --help] [-C <path>] [-c <name>=<value>]\n           [--exec-path[=<path>]] [--html-path] [--man-path] [--info-path]\n           [-p | --paginate | -P | --no-pager] [--no-replace-objects] [--bare]\n           [--git-dir=<path>] [--work-tree=<path>] [--namespace=<name>]\n           [--config-env=<name>=<envvar>] <command> [<args>]\n\nThese are common Git commands used in various situations:\n\nstart a working area (see also: git help tutorial)\n   clone     Clone a repository into a new directory\n   init      Create an empty Git repository or reinitialize an existing one\n\nwork on the current change (see also: git help everyday)\n   add       Add file contents to the index\n   mv        Move or rename a file, a directory, or a symlink\n   restore   Restore working tree files\n   rm        Remove files from the working tree and from the index\n\nexamine the history and state (see also: git help revisions)\n   bisect    Use binary search to find the commit that introduced a bug\n   diff      Show changes between commits, commit and working tree, etc\n   grep      Print lines matching a pattern\n   log       Show commit logs\n   show      Show various types of objects\n   status    Show the working tree status\n\ngrow, mark and tweak your common history\n   branch    List, create, or delete branches\n   commit    Record changes to the repository\n   merge     Join two or more development histories together\n   rebase    Reapply commits on top of another base tip\n   reset     Reset current HEAD to the specified state\n   switch    Switch branches\n   tag       Create, list, delete or verify a tag object signed with GPG\n\ncollaborate (see also: git help workflows)\n   fetch     Download objects and refs from another repository\n   pull      Fetch from and integrate with another repository or a local branch\n   push      Update remote refs along with associated objects\n\n'git help -a' and 'git help -g' list available subcommands and some\nconcept guides. See 'git help <command>' or 'git help <concept>'\nto read about a specific subcommand or concept.\nSee 'git help git' for an overview of the system.\n""
[0m15:02:10.916724 [debug] [MainThread]: STDERR: "b''"
[0m15:02:10.918714 [info ] [MainThread]:  - git [[32mOK found[0m]

[0m15:02:10.921709 [info ] [MainThread]: [31m1 check failed:[0m
[0m15:02:10.923709 [info ] [MainThread]: Could not load dbt_project.yml

[0m15:02:10.925717 [debug] [MainThread]: Command `dbt debug` failed at 15:02:10.925717 after 1.51 seconds
[0m15:02:10.927707 [debug] [MainThread]: Sending event: {'category': 'dbt', 'action': 'invocation', 'label': 'end', 'context': [<snowplow_tracker.self_describing_json.SelfDescribingJson object at 0x000002403A7996C0>, <snowplow_tracker.self_describing_json.SelfDescribingJson object at 0x000002403CEFFDF0>, <snowplow_tracker.self_describing_json.SelfDescribingJson object at 0x000002403DB3E890>]}
[0m15:02:10.929708 [debug] [MainThread]: Flushing usage events
[0m15:12:55.259230 [debug] [MainThread]: Sending event: {'category': 'dbt', 'action': 'invocation', 'label': 'start', 'context': [<snowplow_tracker.self_describing_json.SelfDescribingJson object at 0x000001D2620C9AB0>, <snowplow_tracker.self_describing_json.SelfDescribingJson object at 0x000001D26480F4F0>, <snowplow_tracker.self_describing_json.SelfDescribingJson object at 0x000001D26480F4C0>]}


============================== 15:12:55.269437 | a6a66c39-e2c4-4e4f-bca3-66b5d171eea0 ==============================
[0m15:12:55.269437 [info ] [MainThread]: Running with dbt=1.5.0
[0m15:12:55.270492 [debug] [MainThread]: running dbt with arguments {'printer_width': '80', 'indirect_selection': 'eager', 'write_json': 'True', 'log_cache_events': 'False', 'partial_parse': 'True', 'cache_selected_only': 'False', 'warn_error': 'None', 'debug': 'False', 'profiles_dir': 'C:\\Users\\NadaDabach\\.dbt', 'log_path': 'logs', 'fail_fast': 'False', 'version_check': 'True', 'use_colors': 'True', 'use_experimental_parser': 'False', 'no_print': 'None', 'quiet': 'False', 'warn_error_options': 'WarnErrorOptions(include=[], exclude=[])', 'static_parser': 'True', 'introspect': 'True', 'log_format': 'default', 'target_path': 'None', 'send_anonymous_usage_stats': 'True'}
[0m15:12:55.270492 [error] [MainThread]: Encountered an error:
Runtime Error
  No dbt_project.yml found at expected path C:\Users\NadaDabach\Documents\TaxiNYC\dbt_project.yml
  Verify that each entry within packages.yml (and their transitive dependencies) contains a file named dbt_project.yml
  
[0m15:12:55.272496 [debug] [MainThread]: Command `dbt docs generate` failed at 15:12:55.272496 after 0.07 seconds
[0m15:12:55.272496 [debug] [MainThread]: Sending event: {'category': 'dbt', 'action': 'invocation', 'label': 'end', 'context': [<snowplow_tracker.self_describing_json.SelfDescribingJson object at 0x000001D2620C9AB0>, <snowplow_tracker.self_describing_json.SelfDescribingJson object at 0x000001D26480F4C0>, <snowplow_tracker.self_describing_json.SelfDescribingJson object at 0x000001D26480FFA0>]}
[0m15:12:55.273494 [debug] [MainThread]: Flushing usage events
